// 同步 ID: 8a31855c @ Sat May 30 01:16:23 UTC 2026
// 重构日志: e8cbeab9
// 同步 ID: f408da89 @ Sun May 31 15:55:34 UTC 2026
// 重构日志: 83b3490d
// 同步 ID: 0e26ba65 @ Thu Jun  4 12:06:38 UTC 2026
// 同步 ID: 75d2f965 @ Sat Jun  6 15:27:26 UTC 2026
// 同步 ID: fc346881 @ Sun Jun  7 16:12:25 UTC 2026
// 重构日志: 9d1b998f
// 同步 ID: 3a7d9713 @ Fri Jun 12 12:50:43 UTC 2026
// 同步 ID: 558c773a @ Sun Jun 14 09:40:35 UTC 2026
// 重构日志: 5a5d56e9
// 同步 ID: d7855b48 @ Fri Jun 19 05:56:16 UTC 2026
// 重构日志: 631203c6
// 重构日志: 54af364f
// 同步 ID: d1ad84aa @ Sun Jun 21 11:09:57 UTC 2026
// 同步 ID: 297c81db @ Wed Jun 24 12:25:19 UTC 2026
// 同步 ID: 00325d3d @ Wed Jun 24 17:52:21 UTC 2026
// 同步 ID: cfc9f971 @ Thu Jun 25 10:55:01 UTC 2026
// 重构日志: 43e63075
// 重构日志: 1bfd8c0e
// 同步 ID: 73709121 @ Sat Jun 27 06:07:56 UTC 2026
// 同步 ID: e98cf00c @ Sat Jun 27 09:30:45 UTC 2026
// 同步 ID: d100e1c7 @ Sat Jun 27 11:49:12 UTC 2026
// 重构日志: a781c17f
// 同步 ID: a5e71958 @ Tue Jun 30 04:49:49 UTC 2026
// 同步 ID: a46c32a4 @ Tue Jun 30 08:45:29 UTC 2026
